0 info it worked if it ends with ok
1 verbose cli [ 'node', '/usr/local/bin/npm', 'install' ]
2 info using npm@1.2.25
3 info using node@v0.10.10
4 verbose read json /Users/svmatthews/Documents/Projects/cugos.github.com/src/package.json
5 warn package.json cugos development@0.0.1 No repository field.
6 warn package.json cugos development@0.0.1 No readme data.
7 error install Couldn't read dependencies
8 error Error: Invalid name: "cugos development"
8 error     at ensureValidName (/usr/local/lib/node_modules/npm/node_modules/read-package-json/node_modules/normalize-package-data/lib/fixer.js:179:15)
8 error     at Object.module.exports.fixNameField (/usr/local/lib/node_modules/npm/node_modules/read-package-json/node_modules/normalize-package-data/lib/fixer.js:104:5)
8 error     at /usr/local/lib/node_modules/npm/node_modules/read-package-json/node_modules/normalize-package-data/lib/normalize.js:28:38
8 error     at Array.forEach (native)
8 error     at normalize (/usr/local/lib/node_modules/npm/node_modules/read-package-json/node_modules/normalize-package-data/lib/normalize.js:27:15)
8 error     at final (/usr/local/lib/node_modules/npm/node_modules/read-package-json/read-json.js:304:33)
8 error     at then (/usr/local/lib/node_modules/npm/node_modules/read-package-json/read-json.js:118:48)
8 error     at /usr/local/lib/node_modules/npm/node_modules/read-package-json/read-json.js:278:48
8 error     at fs.js:207:20
8 error     at Object.oncomplete (fs.js:107:15)
9 error If you need help, you may report this log at:
9 error     <http://github.com/isaacs/npm/issues>
9 error or email it to:
9 error     <npm-@googlegroups.com>
10 error System Darwin 12.2.0
11 error command "node" "/usr/local/bin/npm" "install"
12 error cwd /Users/svmatthews/Documents/Projects/cugos.github.com/src
13 error node -v v0.10.10
14 error npm -v 1.2.25
15 verbose exit [ 1, true ]
